c:\users\mandeuk\documents\visual studio 2015\projects\넷겜플 텀프\networkgametermproject\computergraphicstermproject\debug\vc140.pdb
c:\users\administrator\documents\github\ngp_termproject\networkgametermproject\computergraphicstermproject\debug\vc120.pdb
c:\users\administrator\documents\github\ngp_termproject\networkgametermproject\computergraphicstermproject\debug\vc120.idb
c:\users\administrator\documents\github\ngp_termproject\networkgametermproject\computergraphicstermproject\debug\mmain.obj
c:\users\administrator\documents\github\ngp_termproject\networkgametermproject\computergraphicstermproject\debug\ui_draw.obj
c:\users\administrator\documents\github\ngp_termproject\networkgametermproject\computergraphicstermproject\debug\win_sock.obj
c:\users\mandeuk\documents\visual studio 2015\projects\넷겜플 텀프\networkgametermproject\debug\computergraphicstermproject.ilk
c:\users\mandeuk\documents\visual studio 2015\projects\넷겜플 텀프\networkgametermproject\debug\computergraphicstermproject.exe
c:\users\mandeuk\documents\visual studio 2015\projects\넷겜플 텀프\networkgametermproject\debug\computergraphicstermproject.pdb
c:\users\administrator\documents\github\ngp_termproject\networkgametermproject\debug\computergraphicstermproject.ilk
c:\users\administrator\documents\github\ngp_termproject\networkgametermproject\debug\computergraphicstermproject.exe
c:\users\administrator\documents\github\ngp_termproject\networkgametermproject\debug\computergraphicstermproject.pdb
c:\users\mandeuk\documents\github\ngp_termproject\networkgametermproject\computergraphicstermproject\debug\mmain.obj
c:\users\mandeuk\documents\github\ngp_termproject\networkgametermproject\computergraphicstermproject\debug\ui_draw.obj
c:\users\mandeuk\documents\github\ngp_termproject\networkgametermproject\computergraphicstermproject\debug\win_sock.obj
c:\users\mandeuk\documents\github\ngp_termproject\networkgametermproject\computergraphicstermproject\debug\vc120.idb
c:\users\mandeuk\documents\github\ngp_termproject\networkgametermproject\computergraphicstermproject\debug\vc140.idb
c:\users\mandeuk\documents\github\ngp_termproject\networkgametermproject\computergraphicstermproject\debug\vc120.pdb
c:\users\mandeuk\documents\github\ngp_termproject\networkgametermproject\computergraphicstermproject\debug\vc140.pdb
c:\users\mandeuk\documents\github\ngp_termproject\networkgametermproject\debug\computergraphicstermproject.pdb
c:\users\mandeuk\documents\github\ngp_termproject\networkgametermproject\debug\computergraphicstermproject.exe
c:\users\mandeuk\documents\github\ngp_termproject\networkgametermproject\debug\computergraphicstermproject.ilk
c:\users\mandeuk\documents\github\ngp_termproject\networkgametermproject\computergraphicstermproject\debug\computer.8dfb40f9.tlog\cl.command.1.tlog
c:\users\mandeuk\documents\github\ngp_termproject\networkgametermproject\computergraphicstermproject\debug\computer.8dfb40f9.tlog\cl.read.1.tlog
c:\users\mandeuk\documents\github\ngp_termproject\networkgametermproject\computergraphicstermproject\debug\computer.8dfb40f9.tlog\cl.write.1.tlog
c:\users\mandeuk\documents\github\ngp_termproject\networkgametermproject\computergraphicstermproject\debug\computer.8dfb40f9.tlog\link.command.1.tlog
c:\users\mandeuk\documents\github\ngp_termproject\networkgametermproject\computergraphicstermproject\debug\computer.8dfb40f9.tlog\link.read.1.tlog
c:\users\mandeuk\documents\github\ngp_termproject\networkgametermproject\computergraphicstermproject\debug\computer.8dfb40f9.tlog\link.write.1.tlog
