c:\users\mandeuk\documents\카카오톡 받은 파일\네트워크 게임 프로그래밍\networkgametermproject_servergui\networkgametermproject_servergui\debug\vc140.pdb
c:\users\mandeuk\documents\카카오톡 받은 파일\네트워크 게임 프로그래밍\networkgametermproject_servergui\networkgametermproject_servergui\debug\vc140.idb
c:\users\mandeuk\documents\카카오톡 받은 파일\네트워크 게임 프로그래밍\networkgametermproject_servergui\networkgametermproject_servergui\debug\main.obj
c:\users\mandeuk\documents\카카오톡 받은 파일\네트워크 게임 프로그래밍\networkgametermproject_servergui\debug\networkgametermproject_servergui.ilk
c:\users\mandeuk\documents\카카오톡 받은 파일\네트워크 게임 프로그래밍\networkgametermproject_servergui\debug\networkgametermproject_servergui.exe
c:\users\mandeuk\documents\카카오톡 받은 파일\네트워크 게임 프로그래밍\networkgametermproject_servergui\debug\networkgametermproject_servergui.pdb
c:\users\mandeuk\documents\카카오톡 받은 파일\네트워크 게임 프로그래밍\networkgametermproject_servergui\networkgametermproject_servergui\debug\resource.res
c:\users\kwon6\documents\onedrive\2016년도 3학년 2학기 수업자료\네트워크 게임 프로그래밍\networkgametermproject_servergui\networkgametermproject_servergui\debug\main.obj
c:\users\kwon6\documents\onedrive\2016년도 3학년 2학기 수업자료\네트워크 게임 프로그래밍\networkgametermproject_servergui\networkgametermproject_servergui\debug\resource.res
c:\users\kwon6\documents\onedrive\2016년도 3학년 2학기 수업자료\네트워크 게임 프로그래밍\networkgametermproject_servergui\networkgametermproject_servergui\debug\vc140.idb
c:\users\kwon6\documents\onedrive\2016년도 3학년 2학기 수업자료\네트워크 게임 프로그래밍\networkgametermproject_servergui\networkgametermproject_servergui\debug\vc140.pdb
c:\users\kwon6\documents\onedrive\2016년도 3학년 2학기 수업자료\네트워크 게임 프로그래밍\networkgametermproject_servergui\debug\networkgametermproject_servergui.pdb
c:\users\kwon6\documents\onedrive\2016년도 3학년 2학기 수업자료\네트워크 게임 프로그래밍\networkgametermproject_servergui\debug\networkgametermproject_servergui.exe
c:\users\kwon6\documents\onedrive\2016년도 3학년 2학기 수업자료\네트워크 게임 프로그래밍\networkgametermproject_servergui\debug\networkgametermproject_servergui.ilk
c:\users\kwon6\documents\onedrive\2016년도 3학년 2학기 수업자료\네트워크 게임 프로그래밍\networkgametermproject_servergui\networkgametermproject_servergui\debug\networkg.ab2cacec.tlog\cl.command.1.tlog
c:\users\kwon6\documents\onedrive\2016년도 3학년 2학기 수업자료\네트워크 게임 프로그래밍\networkgametermproject_servergui\networkgametermproject_servergui\debug\networkg.ab2cacec.tlog\cl.read.1.tlog
c:\users\kwon6\documents\onedrive\2016년도 3학년 2학기 수업자료\네트워크 게임 프로그래밍\networkgametermproject_servergui\networkgametermproject_servergui\debug\networkg.ab2cacec.tlog\cl.write.1.tlog
c:\users\kwon6\documents\onedrive\2016년도 3학년 2학기 수업자료\네트워크 게임 프로그래밍\networkgametermproject_servergui\networkgametermproject_servergui\debug\networkg.ab2cacec.tlog\link.command.1.tlog
c:\users\kwon6\documents\onedrive\2016년도 3학년 2학기 수업자료\네트워크 게임 프로그래밍\networkgametermproject_servergui\networkgametermproject_servergui\debug\networkg.ab2cacec.tlog\link.read.1.tlog
c:\users\kwon6\documents\onedrive\2016년도 3학년 2학기 수업자료\네트워크 게임 프로그래밍\networkgametermproject_servergui\networkgametermproject_servergui\debug\networkg.ab2cacec.tlog\link.write.1.tlog
c:\users\kwon6\documents\onedrive\2016년도 3학년 2학기 수업자료\네트워크 게임 프로그래밍\networkgametermproject_servergui\networkgametermproject_servergui\debug\networkg.ab2cacec.tlog\rc.command.1.tlog
c:\users\kwon6\documents\onedrive\2016년도 3학년 2학기 수업자료\네트워크 게임 프로그래밍\networkgametermproject_servergui\networkgametermproject_servergui\debug\networkg.ab2cacec.tlog\rc.read.1.tlog
c:\users\kwon6\documents\onedrive\2016년도 3학년 2학기 수업자료\네트워크 게임 프로그래밍\networkgametermproject_servergui\networkgametermproject_servergui\debug\networkg.ab2cacec.tlog\rc.write.1.tlog
